[debug] [2017-12-10T20:57:41.707Z] ----------------------------------------------------------------------
[debug] [2017-12-10T20:57:41.708Z] Command:       /usr/local/bin/node /usr/local/bin/firebase deploy
[debug] [2017-12-10T20:57:41.709Z] CLI Version:   3.15.3
[debug] [2017-12-10T20:57:41.709Z] Platform:      darwin
[debug] [2017-12-10T20:57:41.709Z] Node Version:  v8.9.1
[debug] [2017-12-10T20:57:41.709Z] Time:          Mon Dec 11 2017 02:27:41 GMT+0530 (IST)
[debug] [2017-12-10T20:57:41.709Z] ----------------------------------------------------------------------
[debug] 
[debug] [2017-12-10T20:57:41.719Z] > command requires scopes: ["email","openid","https://www.googleapis.com/auth/cloudplatformprojects.readonly","https://www.googleapis.com/auth/firebase","https://www.googleapis.com/auth/cloud-platform"]
[debug] [2017-12-10T20:57:41.720Z] > authorizing via signed-in user
[debug] [2017-12-10T20:57:41.721Z] > refreshing access token with scopes: ["email","https://www.googleapis.com/auth/cloud-platform","https://www.googleapis.com/auth/cloudplatformprojects.readonly","https://www.googleapis.com/auth/firebase","openid"]
[debug] [2017-12-10T20:57:41.721Z] >>> HTTP REQUEST POST https://www.googleapis.com/oauth2/v3/token { refresh_token: '1/5j2CVzsDdJUJL0eTY9zf9Uz8ohHxuoOaJLB5PDGBBsY',
  client_id: '563584335869-fgrhgmd47bqnekij5i8b5pr03ho849e6.apps.googleusercontent.com',
  client_secret: 'j9iVZfS8kkCEFUPaAeJV0sAi',
  grant_type: 'refresh_token',
  scope: 'email https://www.googleapis.com/auth/cloud-platform https://www.googleapis.com/auth/cloudplatformprojects.readonly https://www.googleapis.com/auth/firebase openid' } 
 Mon Dec 11 2017 02:27:41 GMT+0530 (IST)
[debug] [2017-12-10T20:57:42.084Z] <<< HTTP RESPONSE 200
[debug] [2017-12-10T20:57:42.105Z] >>> HTTP REQUEST GET https://admin.firebase.com/v1/projects/react-swapi  
 Mon Dec 11 2017 02:27:42 GMT+0530 (IST)
